<?xml version="1.0" encoding="UTF-8"?>
<!-- Generated by org.testng.reporters.JUnitXMLReporter -->
<testsuite hostname="DESKTOP-0SU501G" ignored="0" name="Command line test" tests="8" failures="0" timestamp="06 Mar 2019 05:49:50 GMT" time="80.278" errors="0">
  <testcase name="URLOpen" time="48.719" classname="com.amazon.Test.MainTest"/>
  <testcase name="SelectBooks" time="5.968" classname="com.amazon.Test.MainTest"/>
  <testcase name="SearchBook" time="7.49" classname="com.amazon.Test.MainTest"/>
  <testcase name="ChooseBook" time="14.561" classname="com.amazon.Test.MainTest"/>
  <testcase name="ReceiveTitle" time="0.531" classname="com.amazon.Test.MainTest"/>
  <testcase name="ObtainAuthors" time="0.65" classname="com.amazon.Test.MainTest"/>
  <testcase name="DrawKindlePrice" time="0.504" classname="com.amazon.Test.MainTest"/>
  <testcase name="DrawPaperPrice" time="0.088" classname="com.amazon.Test.MainTest"/>
</testsuite> <!-- Command line test -->
